# JRE version: Java(TM) SE Runtime Environment (8.0_05-b13) (build 1.8.0_05-b13)
# Java VM: Java HotSpot(TM) 64-Bit Server VM (25.5-b02 mixed mode bsd-amd64 compressed oops)
Heap:
 PSYoungGen      total 204800K, used 178183K [0x00000007aab00000, 0x00000007b9880000, 0x00000007c0000000)
  eden space 181248K, 85% used [0x00000007aab00000,0x00000007b4205b00,0x00000007b5c00000)
  from space 23552K, 99% used [0x00000007b7880000,0x00000007b8f7c378,0x00000007b8f80000)
  to   space 29184K, 0% used [0x00000007b5c00000,0x00000007b5c00000,0x00000007b7880000)
 ParOldGen       total 193024K, used 106835K [0x0000000780000000, 0x000000078bc80000, 0x00000007aab00000)
  object space 193024K, 55% used [0x0000000780000000,0x0000000786854d68,0x000000078bc80000)
 Metaspace       used 25209K, capacity 25546K, committed 25984K, reserved 1071104K
  class space    used 3305K, capacity 3416K, committed 3456K, reserved 1048576K
GC Heap History (10 events):
Event: 123.252 GC heap before
{Heap before GC invocations=42 (full 9):
 PSYoungGen      total 184320K, used 172544K [0x00000007aab00000, 0x00000007b6b80000, 0x00000007c0000000)
  eden space 172544K, 100% used [0x00000007aab00000,0x00000007b5380000,0x00000007b5380000)
  from space 11776K, 0% used [0x00000007b6000000,0x00000007b6000000,0x00000007b6b80000)
  to   space 12288K, 0% used [0x00000007b5380000,0x00000007b5380000,0x00000007b5f80000)
 ParOldGen       total 147968K, used 60630K [0x0000000780000000, 0x0000000789080000, 0x00000007aab00000)
  object space 147968K, 40% used [0x0000000780000000,0x0000000783b35b50,0x0000000789080000)
 Metaspace       used 22653K, capacity 22852K, committed 23168K, reserved 1069056K
  class space    used 3099K, capacity 3175K, committed 3200K, reserved 1048576K
Event: 123.295 GC heap after
Heap after GC invocations=42 (full 9):
 PSYoungGen      total 184832K, used 11725K [0x00000007aab00000, 0x00000007b7a80000, 0x00000007c0000000)
  eden space 172544K, 0% used [0x00000007aab00000,0x00000007aab00000,0x00000007b5380000)
  from space 12288K, 95% used [0x00000007b5380000,0x00000007b5ef3758,0x00000007b5f80000)
  to   space 14336K, 0% used [0x00000007b6c80000,0x00000007b6c80000,0x00000007b7a80000)
 ParOldGen       total 147968K, used 128207K [0x0000000780000000, 0x0000000789080000, 0x00000007aab00000)
  object space 147968K, 86% used [0x0000000780000000,0x0000000787d33f00,0x0000000789080000)
 Metaspace       used 22653K, capacity 22852K, committed 23168K, reserved 1069056K
  class space    used 3099K, capacity 3175K, committed 3200K, reserved 1048576K
}
Event: 123.296 GC heap before
{Heap before GC invocations=43 (full 10):
 PSYoungGen      total 184832K, used 11725K [0x00000007aab00000, 0x00000007b7a80000, 0x00000007c0000000)
  eden space 172544K, 0% used [0x00000007aab00000,0x00000007aab00000,0x00000007b5380000)
  from space 12288K, 95% used [0x00000007b5380000,0x00000007b5ef3758,0x00000007b5f80000)
  to   space 14336K, 0% used [0x00000007b6c80000,0x00000007b6c80000,0x00000007b7a80000)
 ParOldGen       total 147968K, used 128207K [0x0000000780000000, 0x0000000789080000, 0x00000007aab00000)
  object space 147968K, 86% used [0x0000000780000000,0x0000000787d33f00,0x0000000789080000)
 Metaspace       used 22653K, capacity 22852K, committed 23168K, reserved 1069056K
  class space    used 3099K, capacity 3175K, committed 3200K, reserved 1048576K
Event: 123.385 GC heap after
Heap after GC invocations=43 (full 10):
 PSYoungGen      total 184832K, used 0K [0x00000007aab00000, 0x00000007b7a80000, 0x00000007c0000000)
  eden space 172544K, 0% used [0x00000007aab00000,0x00000007aab00000,0x00000007b5380000)
  from space 12288K, 0% used [0x00000007b5380000,0x00000007b5380000,0x00000007b5f80000)
  to   space 14336K, 0% used [0x00000007b6c80000,0x00000007b6c80000,0x00000007b7a80000)
 ParOldGen       total 193024K, used 92835K [0x0000000780000000, 0x000000078bc80000, 0x00000007aab00000)
  object space 193024K, 48% used [0x0000000780000000,0x0000000785aa8fb0,0x000000078bc80000)
 Metaspace       used 22653K, capacity 22852K, committed 23168K, reserved 1069056K
  class space    used 3099K, capacity 3175K, committed 3200K, reserved 1048576K
}
Event: 155.735 GC heap before
{Heap before GC invocations=44 (full 10):
 PSYoungGen      total 184832K, used 172527K [0x00000007aab00000, 0x00000007b7a80000, 0x00000007c0000000)
  eden space 172544K, 99% used [0x00000007aab00000,0x00000007b537bcf0,0x00000007b5380000)
  from space 12288K, 0% used [0x00000007b5380000,0x00000007b5380000,0x00000007b5f80000)
  to   space 14336K, 0% used [0x00000007b6c80000,0x00000007b6c80000,0x00000007b7a80000)
 ParOldGen       total 193024K, used 92835K [0x0000000780000000, 0x000000078bc80000, 0x00000007aab00000)
  object space 193024K, 48% used [0x0000000780000000,0x0000000785aa8fb0,0x000000078bc80000)
 Metaspace       used 24318K, capacity 24562K, committed 24960K, reserved 1071104K
  class space    used 3263K, capacity 3348K, committed 3456K, reserved 1048576K
Event: 155.771 GC heap after
Heap after GC invocations=44 (full 10):
 PSYoungGen      total 191488K, used 14329K [0x00000007aab00000, 0x00000007b8780000, 0x00000007c0000000)
  eden space 177152K, 0% used [0x00000007aab00000,0x00000007aab00000,0x00000007b5800000)
  from space 14336K, 99% used [0x00000007b6c80000,0x00000007b7a7e6c0,0x00000007b7a80000)
  to   space 20992K, 0% used [0x00000007b5800000,0x00000007b5800000,0x00000007b6c80000)
 ParOldGen       total 193024K, used 103305K [0x0000000780000000, 0x000000078bc80000, 0x00000007aab00000)
  object space 193024K, 53% used [0x0000000780000000,0x00000007864e26d8,0x000000078bc80000)
 Metaspace       used 24318K, capacity 24562K, committed 24960K, reserved 1071104K
  class space    used 3263K, capacity 3348K, committed 3456K, reserved 1048576K
}
Event: 182.034 GC heap before
{Heap before GC invocations=45 (full 10):
 PSYoungGen      total 191488K, used 191481K [0x00000007aab00000, 0x00000007b8780000, 0x00000007c0000000)
  eden space 177152K, 100% used [0x00000007aab00000,0x00000007b5800000,0x00000007b5800000)
  from space 14336K, 99% used [0x00000007b6c80000,0x00000007b7a7e6c0,0x00000007b7a80000)
  to   space 20992K, 0% used [0x00000007b5800000,0x00000007b5800000,0x00000007b6c80000)
 ParOldGen       total 193024K, used 103305K [0x0000000780000000, 0x000000078bc80000, 0x00000007aab00000)
  object space 193024K, 53% used [0x0000000780000000,0x00000007864e26d8,0x000000078bc80000)
 Metaspace       used 24868K, capacity 25130K, committed 25472K, reserved 1071104K
  class space    used 3292K, capacity 3384K, committed 3456K, reserved 1048576K
Event: 182.057 GC heap after
Heap after GC invocations=45 (full 10):
 PSYoungGen      total 198144K, used 17270K [0x00000007aab00000, 0x00000007b8f80000, 0x00000007c0000000)
  eden space 177152K, 0% used [0x00000007aab00000,0x00000007aab00000,0x00000007b5800000)
  from space 20992K, 82% used [0x00000007b5800000,0x00000007b68dd9b0,0x00000007b6c80000)
  to   space 23552K, 0% used [0x00000007b7880000,0x00000007b7880000,0x00000007b8f80000)
 ParOldGen       total 193024K, used 103313K [0x0000000780000000, 0x000000078bc80000, 0x00000007aab00000)
  object space 193024K, 53% used [0x0000000780000000,0x00000007864e46d8,0x000000078bc80000)
 Metaspace       used 24868K, capacity 25130K, committed 25472K, reserved 1071104K
  class space    used 3292K, capacity 3384K, committed 3456K, reserved 1048576K
}
Event: 227.005 GC heap before
{Heap before GC invocations=46 (full 10):
 PSYoungGen      total 198144K, used 194276K [0x00000007aab00000, 0x00000007b8f80000, 0x00000007c0000000)
  eden space 177152K, 99% used [0x00000007aab00000,0x00000007b57dba08,0x00000007b5800000)
  from space 20992K, 82% used [0x00000007b5800000,0x00000007b68dd9b0,0x00000007b6c80000)
  to   space 23552K, 0% used [0x00000007b7880000,0x00000007b7880000,0x00000007b8f80000)
 ParOldGen       total 193024K, used 103313K [0x0000000780000000, 0x000000078bc80000, 0x00000007aab00000)
  object space 193024K, 53% used [0x0000000780000000,0x00000007864e46d8,0x000000078bc80000)
 Metaspace       used 24969K, capacity 25258K, committed 25728K, reserved 1071104K
  class space    used 3294K, capacity 3384K, committed 3456K, reserved 1048576K
Event: 227.040 GC heap after
Heap after GC invocations=46 (full 10):
 PSYoungGen      total 204800K, used 23536K [0x00000007aab00000, 0x00000007b9880000, 0x00000007c0000000)
  eden space 181248K, 0% used [0x00000007aab00000,0x00000007aab00000,0x00000007b5c00000)
  from space 23552K, 99% used [0x00000007b7880000,0x00000007b8f7c378,0x00000007b8f80000)
  to   space 29184K, 0% used [0x00000007b5c00000,0x00000007b5c00000,0x00000007b7880000)
 ParOldGen       total 193024K, used 106835K [0x0000000780000000, 0x000000078bc80000, 0x00000007aab00000)
  object space 193024K, 55% used [0x0000000780000000,0x0000000786854d68,0x000000078bc80000)
 Metaspace       used 24969K, capacity 25258K, committed 25728K, reserved 1071104K
  class space    used 3294K, capacity 3384K, committed 3456K, reserved 1048576K
}

